== Info:   Trying 10.10.0.112...
== Info: TCP_NODELAY set
== Info: Connected to 10.10.0.112 (10.10.0.112) port 8200 (#0)
=> Send header, 232 bytes (0xe8)
0000: POST /v1/venafi-pki/issue/cloud-int HTTP/1.1
002e: Host: 10.10.0.112:8200
0046: User-Agent: curl/7.54.0
005f: Accept: */*
006c: X-Vault-Token: 6c399f4b-ba58-dc95-a471-1a440397feb4
00a1: Content-Length: 43
00b5: Content-Type: application/x-www-form-urlencoded
00e6: 
=> Send data, 43 bytes (0x2b)
0000: {.  "common_name":"demo.venafi.localhost".}
== Info: upload completely sent off: 43 out of 43 bytes
<= Recv header, 17 bytes (0x11)
0000: HTTP/1.1 200 OK
<= Recv header, 25 bytes (0x19)
0000: Cache-Control: no-store
<= Recv header, 32 bytes (0x20)
0000: Content-Type: application/json
<= Recv header, 37 bytes (0x25)
0000: Date: Wed, 05 Dec 2018 02:28:43 GMT
<= Recv header, 28 bytes (0x1c)
0000: Transfer-Encoding: chunked
<= Recv header, 2 bytes (0x2)
0000: 
<= Recv data, 3955 bytes (0xf73)
0000: 1e9d
0006: {"request_id":"74501e17-9835-edf8-8655-df75acaa30f6","lease_id":
0046: "venafi-pki/issue/cloud-int/153853fe-f5b8-6237-108d-21900e424ea2
0086: ","renewable":false,"lease_duration":2764800,"data":{"certificat
00c6: e":"-----BEGIN CERTIFICATE-----\nMIIDdDCCAlygAwIBAgIFAKrmHuowDQY
0106: JKoZIhvcNAQELBQAwgZIxLzAtBgkqhkiG\n9w0BCQEWIGZlZWRiYWNrLWNyeXB0b
0146: 0Bib3VuY3ljYXN0bGUub3JnMSgwJgYDVQQL\nDB9Cb3VuY3kgSW50ZXJtZWRpYXR
0186: lIENlcnRpZmljYXRlMSgwJgYDVQQKDB9UaGUg\nTGVnaW9uIG9mIHRoZSBCb3VuY
01c6: 3kgQ2FzdGxlMQswCQYDVQQGEwJBVTAeFw0xODEy\nMDUwMjI4MzlaFw0xOTEyMDU
0206: wMjI4MzlaMCAxHjAcBgNVBAMTFWRlbW8udmVuYWZp\nLmxvY2FsaG9zdDCCASIwD
0246: QYJKoZIhvcNAQEBBQADggEPADCCAQoCggEBAK3gFuZs\nHzCEAHIYf4sF2jSAkcQ
0286: Xre9WwZdjcEQrC53fYn+fBgQ5YkHnVjT0ZsJWoV50hWEB\nxRY3dExiSkkQs90/D
02c6: 807pJkP9fQgFEWuQXoeTblXeGttsc6NYAzrrLaPtOeqO894\necc8/3CJaIM1WTs
0306: 3WwiSYAt0TD4xtPDQ+qnfeNk5p6+5rUnNgMISeBmSb5KYspuc\nAv4wQPVJlU+ZM
0346: t6D3y7AXpwKJy4X6dn7SHPQav5KT2O+/EIL5zweXKRy0Xj0dGpp\n51gUARAX7rR
0386: fpBwTyc8ns8wqNrCKKJMrMlZ7k+O7s6ZATjcHqEaI/K1H/OP1Mp3I\nqNNApIhuh
03c6: 8iGIesCAwEAAaNCMEAwHQYDVR0OBBYEFG+fbqHtdX/fyWcjgiNlkBxL\ngt+gMB8
0406: GA1UdIwQYMBaAFEMlRC33rdzaNyC/b5INaJOscPb2MA0GCSqGSIb3DQEB\nCwUAA
0446: 4IBAQCNH1i431JmVS5DnKoAMK3BDwVANxNNjfOvFtFHJ0FoYyUPqQAj98ak\nSVj
0486: 6oZU3VieybQKLW0VHDQ6Wwk957qsLDR3N601+oSswdCD8tf/ZLmAWCC/LWUxl\nc
04c6: ZMSqNPaMFAEg7oB1j5jireDGev3bjW7n62FUKprmVBBxhzczI09P/oNYDTsYph6\
0506: nvyz1MblKpXpGdK1nwtwJdRRKUhWdtkwdQSCMYQy8A8mv1SXBr2ZTquKOSxNhdu2
0546: s\nQPuu+bJ3ShaYaDuBb8flhKwejSx92hmwPB6BhMwbZyDB+2Z80wr7hcvZHBfts
0586: QTr\nWnCM4ByaEcBjEjdZvGPHOqAzACYLvuFS\n-----END CERTIFICATE-----
05c6: \n","certificate_chain":"-----BEGIN CERTIFICATE-----\nMIIDdDCCAl
0606: ygAwIBAgIFAKrmHuowDQYJKoZIhvcNAQELBQAwgZIxLzAtBgkqhkiG\n9w0BCQEW
0646: IGZlZWRiYWNrLWNyeXB0b0Bib3VuY3ljYXN0bGUub3JnMSgwJgYDVQQL\nDB9Cb3
0686: VuY3kgSW50ZXJtZWRpYXRlIENlcnRpZmljYXRlMSgwJgYDVQQKDB9UaGUg\nTGVn
06c6: aW9uIG9mIHRoZSBCb3VuY3kgQ2FzdGxlMQswCQYDVQQGEwJBVTAeFw0xODEy\nMD
0706: UwMjI4MzlaFw0xOTEyMDUwMjI4MzlaMCAxHjAcBgNVBAMTFWRlbW8udmVuYWZp\n
0746: LmxvY2FsaG9zdDCCASIwDQYJKoZIhvcNAQEBBQADggEPADCCAQoCggEBAK3gFuZs
0786: \nHzCEAHIYf4sF2jSAkcQXre9WwZdjcEQrC53fYn+fBgQ5YkHnVjT0ZsJWoV50hW
07c6: EB\nxRY3dExiSkkQs90/D807pJkP9fQgFEWuQXoeTblXeGttsc6NYAzrrLaPtOeq
0806: O894\necc8/3CJaIM1WTs3WwiSYAt0TD4xtPDQ+qnfeNk5p6+5rUnNgMISeBmSb5
0846: KYspuc\nAv4wQPVJlU+ZMt6D3y7AXpwKJy4X6dn7SHPQav5KT2O+/EIL5zweXKRy
0886: 0Xj0dGpp\n51gUARAX7rRfpBwTyc8ns8wqNrCKKJMrMlZ7k+O7s6ZATjcHqEaI/K
08c6: 1H/OP1Mp3I\nqNNApIhuh8iGIesCAwEAAaNCMEAwHQYDVR0OBBYEFG+fbqHtdX/f
0906: yWcjgiNlkBxL\ngt+gMB8GA1UdIwQYMBaAFEMlRC33rdzaNyC/b5INaJOscPb2MA
0946: 0GCSqGSIb3DQEB\nCwUAA4IBAQCNH1i431JmVS5DnKoAMK3BDwVANxNNjfOvFtFH
0986: J0FoYyUPqQAj98ak\nSVj6oZU3VieybQKLW0VHDQ6Wwk957qsLDR3N601+oSswdC
09c6: D8tf/ZLmAWCC/LWUxl\ncZMSqNPaMFAEg7oB1j5jireDGev3bjW7n62FUKprmVBB
0a06: xhzczI09P/oNYDTsYph6\nvyz1MblKpXpGdK1nwtwJdRRKUhWdtkwdQSCMYQy8A8
0a46: mv1SXBr2ZTquKOSxNhdu2s\nQPuu+bJ3ShaYaDuBb8flhKwejSx92hmwPB6BhMwb
0a86: ZyDB+2Z80wr7hcvZHBftsQTr\nWnCM4ByaEcBjEjdZvGPHOqAzACYLvuFS\n----
0ac6: -END CERTIFICATE-----\n\n-----BEGIN CERTIFICATE-----\nMIIEkDCCA3
0b06: igAwIBAgIBAjANBgkqhkiG9w0BAQsFADCBjTELMAkGA1UEBhMCQVUx\nKDAmBgNV
0b46: BAoMH1RoZSBMZWdpb24gb2YgdGhlIEJvdW5jeSBDYXN0bGUxIzAhBgNV\nBAsMGk
0b86: JvdW5jeSBQcmltYXJ5IENlcnRpZmljYXRlMS8wLQYJKoZIhvcNAQkBFiBm\nZWVk
0bc6: YmFjay1jcnlwdG9AYm91bmN5Y2FzdGxlLm9yZzAeFw0xODA5MDYwMjI4Mzla\nFw
0c06: 0xOTAzMDUwMjI4MzlaMIGSMQswCQYDVQQGEwJBVTEoMCYGA1UECgwfVGhlIExl\n
0c46: Z2lvbiBvZiB0aGUgQm91bmN5IENhc3RsZTEoMCYGA1UECwwfQm91bmN5IEludGVy
0c86: \nbWVkaWF0ZSBDZXJ0aWZpY2F0ZTEvMC0GCSqGSIb3DQEJARYgZmVlZGJhY2stY3
0cc6: J5\ncHRvQGJvdW5jeWNhc3RsZS5vcmcwggEiMA0GCSqGSIb3DQEBAQUAA4IBDwAw
0d06: ggEK\nAoIBAQDIPslQWwGniS/XiNl0wA8zCxu/dn/e+DD2MZENFp1JwhN9Ppe4rG
0d46: eVUmBH\ne+9xSQD12tYAtwruPDuhiNCq6wojBxt9LDxNkxeR4fDxIE0alQH8EHiv
0d86: mboKLeSo\nQ7noRP9BwqZu9Kdyth/+Q56l707A18QTpjc0t8Sj0LLFIA1tTojERN
0dc6: YMQTBsEmK1\nu6AH+OU4nrU5cISEKjjsc0UNptNWuFQyF/ZZE/SMjFDrgFm9TOIV
0e06: Kkpz9la2QvbP\nkrfoOIYFhT7O4VhlmmOpVwj/GSkqfImbsCLkZxGbkhMzdbqUbr
0e46: RydkR43GMmaE8H\nrXkD3EKMmE9XuxlJkQ077Rag/x89AgMBAAGjgfMwgfAwHQYD
0e86: VR0OBBYEFEMlRC33\nrdzaNyC/b5INaJOscPb2MIG6BgNVHSMEgbIwga+AFEMlRC
0ec6: 33rdzaNyC/b5INaJOs\ncPb2oYGTpIGQMIGNMQswCQYDVQQGEwJBVTEoMCYGA1UE
0f06: CgwfVGhlIExlZ2lvbiBv\nZiB0aGUgQm91bmN5IENhc3RsZTEjMCEGA1UECwwaQm
0f46: 91bmN5IFByaW1hcnkgQ2Vy\ndGlmaWNhdGUxLzAtBgkqh
<= Recv data, 3895 bytes (0xf37)
0000: kiG9w0BCQEWIGZlZWRiYWNrLWNyeXB0b0Bib3VuY3lj\nYXN0bGUub3JnggEBMBI
0040: GA1UdEwEB/wQIMAYBAf8CAQAwDQYJKoZIhvcNAQELBQAD\nggEBAClAK6O47X9fY
0080: zcJVMvzDWnWbsUhYZDCW1yY1CD8bnFau7lChOZGwkOtsF+j\nZYF/c3VmEGFvzbu
00c0: 5ZHMzp4kK/A7PpFmo5xklQTg49+Wpi9YnmQCTW6+cUZa4S4cL\nDwOKBKJQNeK9+
0100: 0kPNRCvdKsjNtIqqX8qfQ7C9jeTMQxqSQYHfAomt7p5Xt61XnXa\nQgjC6/wscKL
0140: 9bDvpjcSJTbMpbxvqt/9CUswr4BwwneujAtwPog44X8I6qhjT2Fx0\nbbtgvRYDI
0180: axMXyjpSAFXJbECFia/Wm8qrdcotZS2T7CRr3tyG8NNwXiuKOEMTM7X\n78HtTUQ
01c0: R8FPG1YGde2tabCQjMko=\n-----END CERTIFICATE-----\n\n-----BEGIN C
0200: ERTIFICATE-----\nMIIDkDCCAngCAQEwDQYJKoZIhvcNAQELBQAwgY0xCzAJBgN
0240: VBAYTAkFVMSgwJgYD\nVQQKDB9UaGUgTGVnaW9uIG9mIHRoZSBCb3VuY3kgQ2Fzd
0280: GxlMSMwIQYDVQQLDBpC\nb3VuY3kgUHJpbWFyeSBDZXJ0aWZpY2F0ZTEvMC0GCSq
02c0: GSIb3DQEJARYgZmVlZGJh\nY2stY3J5cHRvQGJvdW5jeWNhc3RsZS5vcmcwHhcNM
0300: TgwOTA2MDIyODM5WhcNMTkw\nMzA1MDIyODM5WjCBjTELMAkGA1UEBhMCQVUxKDA
0340: mBgNVBAoMH1RoZSBMZWdpb24g\nb2YgdGhlIEJvdW5jeSBDYXN0bGUxIzAhBgNVB
0380: AsMGkJvdW5jeSBQcmltYXJ5IENl\ncnRpZmljYXRlMS8wLQYJKoZIhvcNAQkBFiB
03c0: mZWVkYmFjay1jcnlwdG9AYm91bmN5\nY2FzdGxlLm9yZzCCASIwDQYJKoZIhvcNA
0400: QEBBQADggEPADCCAQoCggEBAMg+yVBb\nAaeJL9eI2XTADzMLG792f974MPYxkQ0
0440: WnUnCE30+l7isZ5VSYEd773FJAPXa1gC3\nCu48O6GI0KrrCiMHG30sPE2TF5Hh8
0480: PEgTRqVAfwQeK+Zugot5KhDuehE/0HCpm70\np3K2H/5DnqXvTsDXxBOmNzS3xKP
04c0: QssUgDW1OiMRE1gxBMGwSYrW7oAf45TietTlw\nhIQqOOxzRQ2m01a4VDIX9lkT9
0500: IyMUOuAWb1M4hUqSnP2VrZC9s+St+g4hgWFPs7h\nWGWaY6lXCP8ZKSp8iZuwIuR
0540: nEZuSEzN1upRutHJ2RHjcYyZoTweteQPcQoyYT1e7\nGUmRDTvtFqD/Hz0CAwEAA
0580: TANBgkqhkiG9w0BAQsFAAOCAQEAcQvj2RtG0BVQavBh\nb0ccG8Y2qO9YON6sRHp
05c0: g1zGL/7RLrF+KDiq7mitflY7u+lsTH4CSIEEbcPMpaz4d\nQD794CH3pn5EorjYj
0600: RTtffV7Rcnit6ITrkohZkeDeeao+Q9M3CrgsUiYMtqGUhee\nJ5cV7JIuK9pcyCk
0640: l1jtnQcSzhL52+lqnBf07hj0haxecSyYvmf5xRCIR4Rt2UaAl\nvMJOUo+rw2FIs
0680: kFNqI2DwWxXZxPB6XIWmtv7I71zmgvU2fBQHOi3zqws1sNRnUW3\nbhWVKmsgC02
06c0: 24XMXJplsWsdEYfrx5Va/yNTlojrKbI4m4JujDn2476kUIJorRofN\nWVyzQA==\
0700: n-----END CERTIFICATE-----\n","common_name":"demo.venafi.localho
0740: st","private_key":"-----BEGIN RSA PRIVATE KEY-----\nMIIEpAIBAAKC
0780: AQEAreAW5mwfMIQAchh/iwXaNICRxBet71bBl2NwRCsLnd9if58G\nBDliQedWNP
07c0: RmwlahXnSFYQHFFjd0TGJKSRCz3T8PzTukmQ/19CAURa5Beh5NuVd4\na22xzo1g
0800: DOusto+056o7z3h5xzz/cIlogzVZOzdbCJJgC3RMPjG08ND6qd942Tmn\nr7mtSc
0840: 2AwhJ4GZJvkpiym5wC/jBA9UmVT5ky3oPfLsBenAonLhfp2ftIc9Bq/kpP\nY778
0880: QgvnPB5cpHLRePR0amnnWBQBEBfutF+kHBPJzyezzCo2sIookysyVnuT47uz\npk
08c0: BONweoRoj8rUf84/Uyncio00CkiG6HyIYh6wIDAQABAoIBAQCbUdVDCoyl+xSm\n
0900: 1yl/179/LOaJY5m1ditC/8n2qvkaksTbOgPW3CfgtTU14qi0q0xFIxNOf5U97lWO
0940: \nMjMnp6r0VXPZIpE7RZ2w8MMLJ8lHvDA0A2YHmRq/Z1zIzfIftqmkVFZPU9B84Q
0980: lR\nzv00UACgvCcutgrj0ISW/jIi+JsiCIxXepAst7FtRI3KMTqzR7SD1sg3OpH7
09c0: NqpR\nUVINCZxFPjU0xek3Q3dgwLI/jFa9cGf7AAgMhVSPuzGNJtD9BX39LX6M6G
0a00: gZMjpY\nuX0kKg3syW8+cQeoD47o5FKESMyYbk01MbIYyETXCcshX+klsRt8PtIz
0a40: 3gtAt5kg\n1nb649lBAoGBANeOfl4vlRGmmU5RZqOR824mevQj7Vg9YfLj7S8c+U
0a80: go/L6G2G9s\nvm7lOL+vSlxQrwRWIIMnyQfPjNztUzyUawna44H/OzbEJY3jwtiu
0ac0: Ir963qch+98l\nZaRXL8XKKTlhKhQv02myyPvdjiTe+dkdvvwUI9aXsinl8+Kt3D
0b00: HCPwVLAoGBAM5/\nlRMCWqNogvOumXgToADi7x/xWENK2GZI5dPhZ56OdWt/U00R
0b40: tMDFevKYcDzmg2mN\n53u1xy/UkTwGj6CpBFe3sYGXySJy3wmfFeT+OdcnPQPkYJ
0b80: a2xGa5NZqg1TnBFKgS\nHvYd8UGI19ArU8eNnmYV5nPAk26eBCoGwbiYiZHhAoGA
0bc0: CmdDLBKJ1EdBIOmG1aAm\nqotK5duSCe80ef+MI/j3AwePYzao3X/XFQ0VFxNDuH
0c00: 7gY4owmYPjDPB0cPk3SjYz\nkE8zKcQCvJrs4RM8BS8qWCl684ANYvCwHiVjFd2y
0c40: 7aUF3eGNB43sa1N/F8J3NoZc\nAFiMfj/mBmWlxqvzc6dXWU8CgYEAkBegy4HyA2
0c80: KzNh1Yw9xV4yh3mf+MCnDYrg8i\nKIZ6Cr73mopfc0DuszFaCJxsfWKQwoAdzkpa
0cc0: 8rpOmecuI/qsqBTrTTXASUSE9C7J\nVWA8tjCQN/4NlD12sQN+LycZgtKDeoAikL
0d00: T2GzfE+GKzdGUS6cNQaucvOZoT58uN\nNCVkoaECgYBPHtgt8SelQu81lSe/DWPw
0d40: yMytGTCkDIVMVP2Byd2KOD8d+KbPEAZ3\n5KrDlTwDSqV9cEN7pWYsWqOac5tI59
0d80: R1OBYH26GeD2y20WEV29NLCg2fHx4cnFxW\nqia1W7kWNtl1DzTrfX7+n6Ms0Ja/
0dc0: QZMkpibCnj4tarJmc0YsFdo4iA==\n-----END RSA PRIVATE KEY-----\n","
0e00: serial_number":"aa:e6:1e:ea"},"wrap_info":null,"warnings":["Read
0e40:  access to this endpoint should be controlled via ACLs as it wil
0e80: l return the connection private key as it is.","TTL of \"8759h59
0ec0: m55.304313617s\" exceeded the effective max_ttl of \"768h0m0s\";
0f00:  TTL value is capped accordingly"],"auth":null}.
0f32: 0
0f35: 
== Info: Connection #0 to host 10.10.0.112 left intact
